c:\users\eran\desktop\תואר שני\os\os\son\debug\vc142.pdb
c:\users\eran\desktop\תואר שני\os\os\son\debug\vc142.idb
c:\users\eran\desktop\תואר שני\os\os\son\debug\sonfunctions.obj
c:\users\eran\desktop\תואר שני\os\os\son\debug\main.obj
c:\users\eran\desktop\תואר שני\os\os\son\debug\sharefunctions.obj
c:\users\ramia\desktop\hw1_memfree\son\debug\vc142.pdb
c:\users\ramia\desktop\hw1_memfree\son\debug\vc142.idb
c:\users\ramia\desktop\hw1_memfree\son\debug\sonfunctions.obj
c:\users\ramia\desktop\hw1_memfree\son\debug\main.obj
c:\users\ramia\desktop\hw1_memfree\son\debug\sharefunctions.obj
c:\users\eran\desktop\תואר שני\os\os\debug\son.ilk
c:\users\eran\desktop\תואר שני\os\os\debug\son.exe
c:\users\eran\desktop\תואר שני\os\os\debug\son.pdb
c:\users\ramia\desktop\hw1_memfree\debug\son.ilk
c:\users\ramia\desktop\hw1_memfree\debug\son.exe
c:\users\ramia\desktop\hw1_memfree\debug\son.pdb
c:\users\ramia\desktop\hw1_memfree\son\debug\son.tlog\cl.command.1.tlog
c:\users\ramia\desktop\hw1_memfree\son\debug\son.tlog\cl.read.1.tlog
c:\users\ramia\desktop\hw1_memfree\son\debug\son.tlog\cl.write.1.tlog
c:\users\ramia\desktop\hw1_memfree\son\debug\son.tlog\link.command.1.tlog
c:\users\ramia\desktop\hw1_memfree\son\debug\son.tlog\link.read.1.tlog
c:\users\ramia\desktop\hw1_memfree\son\debug\son.tlog\link.write.1.tlog
